{"recorder_version":"11","session":"37fe53caeec8","build":"191.7479.30","bucket":"19","time":1563776241560,"group":{"id":"settings","version":"2"},"event":{"state":true,"data":{"created":1563776241561,"invoked":true},"id":"NotRoamableUiSettings"}}
{"recorder_version":"11","session":"37fe53caeec8","build":"191.7479.30","bucket":"19","time":1563776241565,"group":{"id":"settings","version":"2"},"event":{"state":true,"data":{"created":1563776241574,"invoked":true},"id":"UISettings"}}
{"recorder_version":"11","session":"37fe53caeec8","build":"191.7479.30","bucket":"19","time":1563776241566,"group":{"id":"system.os","version":"1"},"event":{"state":true,"data":{"created":1563776241590,"version":"10.0"},"id":"Windows"}}
{"recorder_version":"11","session":"37fe53caeec8","build":"191.7479.30","bucket":"19","time":1563776241566,"group":{"id":"system.os","version":"1"},"event":{"state":true,"data":{"created":1563776241591},"id":"invoked"}}
{"recorder_version":"11","session":"37fe53caeec8","build":"191.7479.30","bucket":"19","time":1563776241566,"group":{"id":"system.java","version":"1"},"event":{"state":true,"data":{"created":1563776241593,"version":"1.11"},"id":"JetBrains"}}
{"recorder_version":"11","session":"37fe53caeec8","build":"191.7479.30","bucket":"19","time":1563776241566,"group":{"id":"system.java","version":"1"},"event":{"state":true,"data":{"created":1563776241594},"id":"invoked"}}
{"recorder_version":"11","session":"37fe53caeec8","build":"191.7479.30","bucket":"19","time":1563776242482,"group":{"id":"settings","version":"2"},"event":{"state":true,"data":{"created":1563776242482,"invoked":true},"id":"GeneralSettings"}}
{"recorder_version":"11","session":"37fe53caeec8","build":"191.7479.30","bucket":"19","time":1563776245050,"group":{"id":"performance","version":"11"},"event":{"count":1,"data":{"duration_ms":1928,"created":1563776245050},"id":"ui.latency"}}
{"recorder_version":"11","session":"37fe53caeec8","build":"191.7479.30","bucket":"19","time":1563776245050,"group":{"id":"performance","version":"11"},"event":{"count":1,"data":{"duration_ms":1928,"created":1563776245052},"id":"ui.lagging"}}
{"recorder_version":"11","session":"37fe53caeec8","build":"191.7479.30","bucket":"19","time":1563776245063,"group":{"id":"performance","version":"11"},"event":{"count":1,"data":{"duration_ms":936,"created":1563776245063},"id":"ui.lagging"}}
{"recorder_version":"11","session":"37fe53caeec8","build":"191.7479.30","bucket":"19","time":1563776245093,"group":{"id":"lifecycle","version":"11"},"event":{"count":1,"data":{"created":1563776245093,"project":"2d619dc708a8fcee4d03094d84af298bceade90c5585e2f28d1ec0bd37d11e8d"},"id":"project.opened"}}
{"recorder_version":"11","session":"37fe53caeec8","build":"191.7479.30","bucket":"19","time":1563776245947,"group":{"id":"performance","version":"11"},"event":{"count":1,"data":{"duration_ms":820,"created":1563776245947},"id":"ui.lagging"}}
{"recorder_version":"11","session":"37fe53caeec8","build":"191.7479.30","bucket":"19","time":1563776246083,"group":{"id":"ui.dialogs","version":"11"},"event":{"count":1,"data":{"created":1563776246083,"plugin_type":"PLATFORM","type":"show"},"id":"com.intellij.openapi.progress.util.ProgressDialog$MyDialogWrapper"}}
{"recorder_version":"11","session":"37fe53caeec8","build":"191.7479.30","bucket":"19","time":1563776246362,"group":{"id":"lifecycle","version":"11"},"event":{"count":1,"data":{"eap":false,"created":1563776246362},"id":"ide.start"}}
{"recorder_version":"11","session":"37fe53caeec8","build":"191.7479.30","bucket":"19","time":1563776246362,"group":{"id":"performance","version":"11"},"event":{"count":1,"data":{"duration_ms":234,"created":1563776246363},"id":"ui.lagging"}}
{"recorder_version":"11","session":"37fe53caeec8","build":"191.7479.30","bucket":"19","time":1563776247548,"group":{"id":"performance","version":"11"},"event":{"count":1,"data":{"duration_ms":420,"created":1563776247548},"id":"ui.lagging"}}
{"recorder_version":"11","session":"37fe53caeec8","build":"191.7479.30","bucket":"19","time":1563776247577,"group":{"id":"project.fs","version":"1"},"event":{"state":true,"data":{"pct-non-watched":0,"created":1563776247578,"project":"2d619dc708a8fcee4d03094d84af298bceade90c5585e2f28d1ec0bd37d11e8d"},"id":"roots-watched"}}
{"recorder_version":"11","session":"37fe53caeec8","build":"191.7479.30","bucket":"19","time":1563776247578,"group":{"id":"project.fs","version":"1"},"event":{"state":true,"data":{"created":1563776247578},"id":"invoked"}}
{"recorder_version":"11","session":"37fe53caeec8","build":"191.7479.30","bucket":"19","time":1563776247646,"group":{"id":"ui.tips","version":"1"},"event":{"count":1,"data":{"created":1563776247646},"id":"shown.automatically"}}
{"recorder_version":"11","session":"37fe53caeec8","build":"191.7479.30","bucket":"19","time":1563776247829,"group":{"id":"ui.dialogs","version":"11"},"event":{"count":1,"data":{"created":1563776247829,"plugin_type":"PLATFORM","type":"show"},"id":"com.intellij.ide.util.TipDialog"}}
{"recorder_version":"11","session":"37fe53caeec8","build":"191.7479.30","bucket":"19","time":1563776248006,"group":{"id":"toolwindow","version":"11"},"event":{"count":1,"data":{"os":"Windows","created":1563776248006,"plugin_type":"PLATFORM"},"id":"Project"}}
{"recorder_version":"11","session":"37fe53caeec8","build":"191.7479.30","bucket":"19","time":1563776248089,"group":{"id":"ui.dialogs","version":"11"},"event":{"count":1,"data":{"code":1,"created":1563776248089,"plugin_type":"PLATFORM","type":"close"},"id":"com.intellij.openapi.progress.util.ProgressDialog$MyDialogWrapper"}}
{"recorder_version":"11","session":"37fe53caeec8","build":"191.7479.30","bucket":"19","time":1563776249216,"group":{"id":"file.types.usage","version":"11"},"event":{"count":1,"data":{"created":1563776249216,"plugin_type":"PLATFORM","project":"2d619dc708a8fcee4d03094d84af298bceade90c5585e2f28d1ec0bd37d11e8d","type":"open"},"id":"Python"}}
{"recorder_version":"11","session":"37fe53caeec8","build":"191.7479.30","bucket":"19","time":1563776249338,"group":{"id":"performance","version":"11"},"event":{"count":1,"data":{"duration_ms":1209,"created":1563776249338},"id":"ui.lagging"}}
{"recorder_version":"11","session":"37fe53caeec8","build":"191.7479.30","bucket":"19","time":1563776249355,"group":{"id":"performance","version":"11"},"event":{"count":1,"data":{"duration_ms":225,"created":1563776249355},"id":"ui.lagging"}}
{"recorder_version":"11","session":"37fe53caeec8","build":"191.7479.30","bucket":"19","time":1563776249414,"group":{"id":"lifecycle","version":"11"},"event":{"count":1,"data":{"created":1563776249414,"time_ms":5893,"project":"2d619dc708a8fcee4d03094d84af298bceade90c5585e2f28d1ec0bd37d11e8d"},"id":"project.opening.finished"}}
{"recorder_version":"11","session":"37fe53caeec8","build":"191.7479.30","bucket":"19","time":1563776250302,"group":{"id":"performance","version":"11"},"event":{"count":1,"data":{"duration_ms":172,"created":1563776250302},"id":"ui.lagging"}}
{"recorder_version":"11","session":"37fe53caeec8","build":"191.7479.30","bucket":"19","time":1563776256126,"group":{"id":"ui.tips","version":"1"},"event":{"count":3,"data":{"last":1563776257812,"created":1563776256126},"id":"next.tip"}}
{"recorder_version":"11","session":"37fe53caeec8","build":"191.7479.30","bucket":"19","time":1563776259200,"group":{"id":"ui.dialogs","version":"11"},"event":{"count":1,"data":{"code":1,"created":1563776259200,"plugin_type":"PLATFORM","type":"close"},"id":"com.intellij.ide.util.TipDialog"}}
{"recorder_version":"11","session":"37fe53caeec8","build":"191.7479.30","bucket":"19","time":1563776261107,"group":{"id":"intentions","version":"11"},"event":{"count":1,"data":{"os":"Windows","created":1563776261108,"plugin_type":"PLATFORM","project":"2d619dc708a8fcee4d03094d84af298bceade90c5585e2f28d1ec0bd37d11e8d","lang":"Python"},"id":"com.jetbrains.python.inspections.PyInterpreterInspection$ConfigureInterpreterFix"}}
{"recorder_version":"11","session":"37fe53caeec8","build":"191.7479.30","bucket":"19","time":1563776262021,"group":{"id":"ui.dialogs","version":"11"},"event":{"count":1,"data":{"created":1563776262021,"plugin_type":"PLATFORM","type":"show"},"id":"com.intellij.openapi.options.newEditor.SettingsDialog"}}
{"recorder_version":"11","session":"37fe53caeec8","build":"191.7479.30","bucket":"19","time":1563776262063,"group":{"id":"performance","version":"11"},"event":{"count":1,"data":{"duration_ms":899,"created":1563776262063},"id":"ui.lagging"}}
{"recorder_version":"11","session":"37fe53caeec8","build":"191.7479.30","bucket":"19","time":1563776276760,"group":{"id":"ui.dialogs","version":"11"},"event":{"count":1,"data":{"code":0,"created":1563776276760,"plugin_type":"PLATFORM","type":"close"},"id":"com.intellij.openapi.options.newEditor.SettingsDialog"}}
{"recorder_version":"11","session":"37fe53caeec8","build":"191.7479.30","bucket":"19","time":1563776280351,"group":{"id":"actions","version":"11"},"event":{"count":1,"data":{"context_menu":false,"os":"Windows","created":1563776280351,"plugin_type":"PLATFORM","project":"2d619dc708a8fcee4d03094d84af298bceade90c5585e2f28d1ec0bd37d11e8d","place":"unknown","input_event":"NoMouseButton"},"id":"editRunConfigurations"}}
{"recorder_version":"11","session":"37fe53caeec8","build":"191.7479.30","bucket":"19","time":1563776280419,"group":{"id":"ui.dialogs","version":"11"},"event":{"count":1,"data":{"created":1563776280419,"plugin_type":"PLATFORM","type":"show"},"id":"com.intellij.execution.impl.EditConfigurationsDialog"}}
{"recorder_version":"11","session":"37fe53caeec8","build":"191.7479.30","bucket":"19","time":1563776285810,"group":{"id":"actions","version":"11"},"event":{"count":1,"data":{"context_menu":false,"os":"Windows","created":1563776285810,"plugin_type":"PLATFORM","project":"2d619dc708a8fcee4d03094d84af298bceade90c5585e2f28d1ec0bd37d11e8d","place":"unknown","input_event":"MouseLeft"},"id":"com.intellij.ui.CommonActionsPanel$MyActionButton"}}
{"recorder_version":"11","session":"37fe53caeec8","build":"191.7479.30","bucket":"19","time":1563776285998,"group":{"id":"toolbar","version":"11"},"event":{"count":1,"data":{"os":"Windows","created":1563776285998,"plugin_type":"PLATFORM","place":"unknown"},"id":"com.intellij.ui.CommonActionsPanel$MyActionButton"}}
{"recorder_version":"11","session":"37fe53caeec8","build":"191.7479.30","bucket":"19","time":1563776288612,"group":{"id":"performance","version":"11"},"event":{"count":1,"data":{"duration_ms":418,"created":1563776288612},"id":"ui.lagging"}}
{"recorder_version":"11","session":"37fe53caeec8","build":"191.7479.30","bucket":"19","time":1563776297733,"group":{"id":"ui.dialogs","version":"11"},"event":{"count":1,"data":{"created":1563776297733,"plugin_type":"PLATFORM","type":"show"},"id":"com.intellij.openapi.fileChooser.ex.FileChooserDialogImpl"}}
{"recorder_version":"11","session":"37fe53caeec8","build":"191.7479.30","bucket":"19","time":1563776301377,"group":{"id":"ui.dialogs","version":"11"},"event":{"count":1,"data":{"code":0,"created":1563776301377,"plugin_type":"PLATFORM","type":"close"},"id":"com.intellij.openapi.fileChooser.ex.FileChooserDialogImpl"}}
{"recorder_version":"11","session":"37fe53caeec8","build":"191.7479.30","bucket":"19","time":1563776310133,"group":{"id":"ui.dialogs","version":"11"},"event":{"count":1,"data":{"code":0,"created":1563776310134,"plugin_type":"PLATFORM","type":"close"},"id":"com.intellij.execution.impl.EditConfigurationsDialog"}}
{"recorder_version":"11","session":"37fe53caeec8","build":"191.7479.30","bucket":"19","time":1563776312141,"group":{"id":"actions","version":"11"},"event":{"count":1,"data":{"context_menu":false,"os":"Windows","created":1563776312141,"plugin_type":"PLATFORM","project":"2d619dc708a8fcee4d03094d84af298bceade90c5585e2f28d1ec0bd37d11e8d","place":"NavBarToolbar","input_event":"MouseLeft"},"id":"com.intellij.execution.ExecutorRegistryImpl$ExecutorAction"}}
{"recorder_version":"11","session":"37fe53caeec8","build":"191.7479.30","bucket":"19","time":1563776312290,"group":{"id":"toolbar","version":"11"},"event":{"count":1,"data":{"os":"Windows","created":1563776312290,"plugin_type":"PLATFORM","place":"NavBarToolbar"},"id":"com.intellij.execution.ExecutorRegistryImpl$ExecutorAction"}}
{"recorder_version":"11","session":"37fe53caeec8","build":"191.7479.30","bucket":"19","time":1563776312372,"group":{"id":"run.configuration.exec","version":"11"},"event":{"count":1,"data":{"executor":"Run","created":1563776312372,"plugin_type":"PLATFORM","project":"2d619dc708a8fcee4d03094d84af298bceade90c5585e2f28d1ec0bd37d11e8d"},"id":"PythonConfigurationType"}}
{"recorder_version":"11","session":"37fe53caeec8","build":"191.7479.30","bucket":"19","time":1563776312690,"group":{"id":"toolwindow","version":"11"},"event":{"count":1,"data":{"os":"Windows","created":1563776312690,"plugin_type":"PLATFORM"},"id":"Run"}}
{"recorder_version":"11","session":"37fe53caeec8","build":"191.7479.30","bucket":"19","time":1563776326017,"group":{"id":"toolbar","version":"11"},"event":{"count":1,"data":{"os":"Windows","created":1563776326017,"plugin_type":"PLATFORM","place":"NavBarToolbar"},"id":"RunConfiguration"}}
{"recorder_version":"11","session":"37fe53caeec8","build":"191.7479.30","bucket":"19","time":1563776328274,"group":{"id":"actions","version":"11"},"event":{"count":1,"data":{"context_menu":false,"os":"Windows","created":1563776328274,"plugin_type":"PLATFORM","project":"2d619dc708a8fcee4d03094d84af298bceade90c5585e2f28d1ec0bd37d11e8d","place":"unknown"},"id":"editRunConfigurations"}}
{"recorder_version":"11","session":"37fe53caeec8","build":"191.7479.30","bucket":"19","time":1563776328283,"group":{"id":"ui.dialogs","version":"11"},"event":{"count":1,"data":{"created":1563776328283,"plugin_type":"PLATFORM","type":"show"},"id":"com.intellij.execution.impl.EditConfigurationsDialog"}}
{"recorder_version":"11","session":"37fe53caeec8","build":"191.7479.30","bucket":"19","time":1563776339347,"group":{"id":"ui.dialogs","version":"11"},"event":{"count":1,"data":{"code":1,"created":1563776339347,"plugin_type":"PLATFORM","type":"close"},"id":"com.intellij.execution.impl.EditConfigurationsDialog"}}
{"recorder_version":"11","session":"37fe53caeec8","build":"191.7479.30","bucket":"19","time":1563776339425,"group":{"id":"toolwindow","version":"11"},"event":{"count":1,"data":{"os":"Windows","created":1563776339425,"plugin_type":"PLATFORM"},"id":"Project"}}
{"recorder_version":"11","session":"37fe53caeec8","build":"191.7479.30","bucket":"19","time":1563776345250,"group":{"id":"performance","version":"11"},"event":{"count":1,"data":{"duration_ms":0,"created":1563776345250},"id":"ui.latency"}}
{"recorder_version":"11","session":"37fe53caeec8","build":"191.7479.30","bucket":"19","time":1563776381899,"group":{"id":"actions","version":"11"},"event":{"count":1,"data":{"context_menu":false,"os":"Windows","created":1563776381899,"plugin_type":"PLATFORM","project":"2d619dc708a8fcee4d03094d84af298bceade90c5585e2f28d1ec0bd37d11e8d","place":"MainMenu","input_event":"Enter"},"id":"EditorEnter"}}
{"recorder_version":"11","session":"37fe53caeec8","build":"191.7479.30","bucket":"19","time":1563776381900,"group":{"id":"file.types.usage","version":"11"},"event":{"count":1,"data":{"created":1563776381900,"plugin_type":"PLATFORM","project":"2d619dc708a8fcee4d03094d84af298bceade90c5585e2f28d1ec0bd37d11e8d","type":"edit"},"id":"Python"}}
{"recorder_version":"11","session":"37fe53caeec8","build":"191.7479.30","bucket":"19","time":1563776382930,"group":{"id":"actions","version":"11"},"event":{"count":1,"data":{"context_menu":false,"os":"Windows","created":1563776382930,"plugin_type":"PLATFORM","project":"2d619dc708a8fcee4d03094d84af298bceade90c5585e2f28d1ec0bd37d11e8d","place":"MainMenu","input_event":"Enter"},"id":"EditorEnter"}}
{"recorder_version":"11","session":"37fe53caeec8","build":"191.7479.30","bucket":"19","time":1563776385705,"group":{"id":"actions","version":"11"},"event":{"count":2,"data":{"context_menu":false,"os":"Windows","last":1563776386077,"created":1563776385706,"plugin_type":"PLATFORM","project":"2d619dc708a8fcee4d03094d84af298bceade90c5585e2f28d1ec0bd37d11e8d","place":"MainMenu","input_event":"Backspace"},"id":"EditorBackSpace"}}
{"recorder_version":"11","session":"37fe53caeec8","build":"191.7479.30","bucket":"19","time":1563776388937,"group":{"id":"actions","version":"11"},"event":{"count":1,"data":{"context_menu":false,"os":"Windows","created":1563776388938,"plugin_type":"PLATFORM","project":"2d619dc708a8fcee4d03094d84af298bceade90c5585e2f28d1ec0bd37d11e8d","place":"MainMenu","input_event":"Ctrl+S"},"id":"SaveAll"}}
{"recorder_version":"11","session":"37fe53caeec8","build":"191.7479.30","bucket":"19","time":1563776394179,"group":{"id":"actions","version":"11"},"event":{"count":2,"data":{"context_menu":false,"os":"Windows","last":1563776394368,"created":1563776394179,"plugin_type":"PLATFORM","project":"2d619dc708a8fcee4d03094d84af298bceade90c5585e2f28d1ec0bd37d11e8d","place":"MainMenu","input_event":"Left"},"id":"EditorLeft"}}
{"recorder_version":"11","session":"37fe53caeec8","build":"191.7479.30","bucket":"19","time":1563776395469,"group":{"id":"actions","version":"11"},"event":{"count":1,"data":{"context_menu":false,"os":"Windows","created":1563776395469,"plugin_type":"PLATFORM","project":"2d619dc708a8fcee4d03094d84af298bceade90c5585e2f28d1ec0bd37d11e8d","place":"MainMenu","input_event":"Backspace"},"id":"EditorBackSpace"}}
{"recorder_version":"11","session":"37fe53caeec8","build":"191.7479.30","bucket":"19","time":1563776396102,"group":{"id":"actions","version":"11"},"event":{"count":1,"data":{"context_menu":false,"os":"Windows","created":1563776396102,"plugin_type":"PLATFORM","project":"2d619dc708a8fcee4d03094d84af298bceade90c5585e2f28d1ec0bd37d11e8d","place":"MainMenu","input_event":"Right"},"id":"EditorRight"}}
{"recorder_version":"11","session":"37fe53caeec8","build":"191.7479.30","bucket":"19","time":1563776396746,"group":{"id":"actions","version":"11"},"event":{"count":1,"data":{"context_menu":false,"os":"Windows","created":1563776396746,"plugin_type":"PLATFORM","project":"2d619dc708a8fcee4d03094d84af298bceade90c5585e2f28d1ec0bd37d11e8d","place":"MainMenu","input_event":"Backspace"},"id":"EditorBackSpace"}}
{"recorder_version":"11","session":"37fe53caeec8","build":"191.7479.30","bucket":"19","time":1563776397731,"group":{"id":"actions","version":"11"},"event":{"count":1,"data":{"context_menu":false,"os":"Windows","created":1563776397731,"plugin_type":"PLATFORM","project":"2d619dc708a8fcee4d03094d84af298bceade90c5585e2f28d1ec0bd37d11e8d","place":"MainMenu","input_event":"Left"},"id":"EditorLeft"}}
{"recorder_version":"11","session":"37fe53caeec8","build":"191.7479.30","bucket":"19","time":1563776399666,"group":{"id":"actions","version":"11"},"event":{"count":2,"data":{"context_menu":false,"os":"Windows","last":1563776402989,"created":1563776399666,"plugin_type":"PLATFORM","project":"2d619dc708a8fcee4d03094d84af298bceade90c5585e2f28d1ec0bd37d11e8d","place":"MainMenu","input_event":"Ctrl+S"},"id":"SaveAll"}}
{"recorder_version":"11","session":"37fe53caeec8","build":"191.7479.30","bucket":"19","time":1563776404127,"group":{"id":"actions","version":"11"},"event":{"count":1,"data":{"context_menu":false,"os":"Windows","created":1563776404127,"plugin_type":"PLATFORM","project":"2d619dc708a8fcee4d03094d84af298bceade90c5585e2f28d1ec0bd37d11e8d","place":"MainMenu","input_event":"Backspace"},"id":"EditorBackSpace"}}
{"recorder_version":"11","session":"37fe53caeec8","build":"191.7479.30","bucket":"19","time":1563776445346,"group":{"id":"performance","version":"11"},"event":{"count":1,"data":{"duration_ms":0,"created":1563776445346},"id":"ui.latency"}}
{"recorder_version":"11","session":"37fe53caeec8","build":"191.7479.30","bucket":"19","time":1563776545052,"group":{"id":"file.types.usage","version":"11"},"event":{"count":1,"data":{"created":1563776545052},"id":"registered"}}
{"recorder_version":"11","session":"37fe53caeec8","build":"191.7479.30","bucket":"19","time":1563776545052,"group":{"id":"actions.runAnything","version":"1"},"event":{"count":1,"data":{"created":1563776545052},"id":"registered"}}
{"recorder_version":"11","session":"37fe53caeec8","build":"191.7479.30","bucket":"19","time":1563776545052,"group":{"id":"toolwindow","version":"11"},"event":{"count":1,"data":{"created":1563776545052},"id":"registered"}}
{"recorder_version":"11","session":"37fe53caeec8","build":"191.7479.30","bucket":"19","time":1563776545052,"group":{"id":"intentions","version":"11"},"event":{"count":1,"data":{"created":1563776545052},"id":"registered"}}
{"recorder_version":"11","session":"37fe53caeec8","build":"191.7479.30","bucket":"19","time":1563776545052,"group":{"id":"live.templates","version":"11"},"event":{"count":1,"data":{"created":1563776545052},"id":"registered"}}
{"recorder_version":"11","session":"37fe53caeec8","build":"191.7479.30","bucket":"19","time":1563776545052,"group":{"id":"ui.dialogs","version":"11"},"event":{"count":1,"data":{"created":1563776545052},"id":"registered"}}
{"recorder_version":"11","session":"37fe53caeec8","build":"191.7479.30","bucket":"19","time":1563776545052,"group":{"id":"vcs.back.forward.trigger","version":"1"},"event":{"count":1,"data":{"created":1563776545053},"id":"registered"}}
{"recorder_version":"11","session":"37fe53caeec8","build":"191.7479.30","bucket":"19","time":1563776545052,"group":{"id":"ide.self.update","version":"1"},"event":{"count":1,"data":{"created":1563776545053},"id":"registered"}}
{"recorder_version":"11","session":"37fe53caeec8","build":"191.7479.30","bucket":"19","time":1563776545052,"group":{"id":"lifecycle","version":"11"},"event":{"count":1,"data":{"created":1563776545053},"id":"registered"}}
{"recorder_version":"11","session":"37fe53caeec8","build":"191.7479.30","bucket":"19","time":1563776545052,"group":{"id":"toolbar","version":"11"},"event":{"count":1,"data":{"created":1563776545053},"id":"registered"}}
{"recorder_version":"11","session":"37fe53caeec8","build":"191.7479.30","bucket":"19","time":1563776545052,"group":{"id":"vcs.diff.trigger","version":"1"},"event":{"count":1,"data":{"created":1563776545053},"id":"registered"}}
{"recorder_version":"11","session":"37fe53caeec8","build":"191.7479.30","bucket":"19","time":1563776545052,"group":{"id":"performance","version":"11"},"event":{"count":1,"data":{"created":1563776545053},"id":"registered"}}
{"recorder_version":"11","session":"37fe53caeec8","build":"191.7479.30","bucket":"19","time":1563776545052,"group":{"id":"vcs.log.trigger","version":"1"},"event":{"count":1,"data":{"created":1563776545053},"id":"registered"}}
{"recorder_version":"11","session":"37fe53caeec8","build":"191.7479.30","bucket":"19","time":1563776545052,"group":{"id":"productivity","version":"11"},"event":{"count":1,"data":{"created":1563776545053},"id":"registered"}}
{"recorder_version":"11","session":"37fe53caeec8","build":"191.7479.30","bucket":"19","time":1563776545052,"group":{"id":"debugger.breakpoints.usage","version":"1"},"event":{"count":1,"data":{"created":1563776545053},"id":"registered"}}
{"recorder_version":"11","session":"37fe53caeec8","build":"191.7479.30","bucket":"19","time":1563776545052,"group":{"id":"searchEverywhere","version":"1"},"event":{"count":1,"data":{"created":1563776545053},"id":"registered"}}
{"recorder_version":"11","session":"37fe53caeec8","build":"191.7479.30","bucket":"19","time":1563776545052,"group":{"id":"ui.tips","version":"1"},"event":{"count":1,"data":{"created":1563776545053},"id":"registered"}}
{"recorder_version":"11","session":"37fe53caeec8","build":"191.7479.30","bucket":"19","time":1563776545052,"group":{"id":"import.old.config","version":"1"},"event":{"count":1,"data":{"created":1563776545054},"id":"registered"}}
{"recorder_version":"11","session":"37fe53caeec8","build":"191.7479.30","bucket":"19","time":1563776545052,"group":{"id":"json.schema","version":"1"},"event":{"count":1,"data":{"created":1563776545054},"id":"registered"}}
{"recorder_version":"11","session":"37fe53caeec8","build":"191.7479.30","bucket":"19","time":1563776545052,"group":{"id":"terminalShell","version":"1"},"event":{"count":1,"data":{"created":1563776545054},"id":"registered"}}
{"recorder_version":"11","session":"37fe53caeec8","build":"191.7479.30","bucket":"19","time":1563776545052,"group":{"id":"completion.postfix","version":"11"},"event":{"count":1,"data":{"created":1563776545054},"id":"registered"}}
{"recorder_version":"11","session":"37fe53caeec8","build":"191.7479.30","bucket":"19","time":1563776545052,"group":{"id":"actions","version":"11"},"event":{"count":1,"data":{"created":1563776545054},"id":"registered"}}
{"recorder_version":"11","session":"37fe53caeec8","build":"191.7479.30","bucket":"19","time":1563776545052,"group":{"id":"run.configuration.exec","version":"11"},"event":{"count":1,"data":{"created":1563776545054},"id":"registered"}}
{"recorder_version":"11","session":"37fe53caeec8","build":"191.7479.30","bucket":"19","time":1563776545440,"group":{"id":"performance","version":"11"},"event":{"count":1,"data":{"duration_ms":0,"created":1563776545440},"id":"ui.latency"}}
{"recorder_version":"11","session":"37fe53caeec8","build":"191.7479.30","bucket":"19","time":1563776645552,"group":{"id":"performance","version":"11"},"event":{"count":1,"data":{"duration_ms":0,"created":1563776645552},"id":"ui.latency"}}
{"recorder_version":"11","session":"37fe53caeec8","build":"191.7479.30","bucket":"19","time":1563776745648,"group":{"id":"performance","version":"11"},"event":{"count":1,"data":{"duration_ms":0,"created":1563776745648},"id":"ui.latency"}}
{"recorder_version":"11","session":"37fe53caeec8","build":"191.7479.30","bucket":"19","time":1563776845756,"group":{"id":"performance","version":"11"},"event":{"count":1,"data":{"duration_ms":1,"created":1563776845756},"id":"ui.latency"}}
{"recorder_version":"11","session":"37fe53caeec8","build":"191.7479.30","bucket":"19","time":1563776945845,"group":{"id":"performance","version":"11"},"event":{"count":1,"data":{"duration_ms":0,"created":1563776945845},"id":"ui.latency"}}
{"recorder_version":"11","session":"37fe53caeec8","build":"191.7479.30","bucket":"19","time":1563777045951,"group":{"id":"performance","version":"11"},"event":{"count":1,"data":{"duration_ms":0,"created":1563777045951},"id":"ui.latency"}}
{"recorder_version":"11","session":"37fe53caeec8","build":"191.7479.30","bucket":"19","time":1563777143865,"group":{"id":"vcs.github","version":"1"},"event":{"state":true,"data":{"created":1563777143865},"id":"github.accounts.count.0"}}
{"recorder_version":"11","session":"37fe53caeec8","build":"191.7479.30","bucket":"19","time":1563777143865,"group":{"id":"vcs.github","version":"1"},"event":{"state":true,"data":{"created":1563777143866},"id":"github.accounts.not.default.host.disabled"}}
{"recorder_version":"11","session":"37fe53caeec8","build":"191.7479.30","bucket":"19","time":1563777143865,"group":{"id":"vcs.github","version":"1"},"event":{"state":true,"data":{"created":1563777143866},"id":"invoked"}}
{"recorder_version":"11","session":"37fe53caeec8","build":"191.7479.30","bucket":"19","time":1563777143865,"group":{"id":"ui.hidpi.mode","version":"1"},"event":{"state":true,"data":{"os":"Windows","created":1563777143867},"id":"per_monitor_dpi"}}
{"recorder_version":"11","session":"37fe53caeec8","build":"191.7479.30","bucket":"19","time":1563777143865,"group":{"id":"ui.hidpi.mode","version":"1"},"event":{"state":true,"data":{"created":1563777143868},"id":"invoked"}}
{"recorder_version":"11","session":"37fe53caeec8","build":"191.7479.30","bucket":"19","time":1563777143874,"group":{"id":"ui.screen.scale","version":"1"},"event":{"state":true,"data":{"os":"Windows","created":1563777143874},"id":"1.0"}}
{"recorder_version":"11","session":"37fe53caeec8","build":"191.7479.30","bucket":"19","time":1563777143874,"group":{"id":"ui.screen.scale","version":"1"},"event":{"state":true,"data":{"created":1563777143875},"id":"invoked"}}
{"recorder_version":"11","session":"37fe53caeec8","build":"191.7479.30","bucket":"19","time":1563777143876,"group":{"id":"ui.info.features","version":"1"},"event":{"state":true,"data":{"grouped":"[30_50]","os":"Windows","created":1563777143876},"id":"recent.files"}}
{"recorder_version":"11","session":"37fe53caeec8","build":"191.7479.30","bucket":"19","time":1563777143876,"group":{"id":"ui.info.features","version":"1"},"event":{"state":true,"data":{"os":"Windows","created":1563777143877},"id":"Gutter.Icons"}}
{"recorder_version":"11","session":"37fe53caeec8","build":"191.7479.30","bucket":"19","time":1563777143876,"group":{"id":"ui.info.features","version":"1"},"event":{"state":true,"data":{"os":"Windows","created":1563777143877},"id":"Tool.Window.buttons.hidden"}}
{"recorder_version":"11","session":"37fe53caeec8","build":"191.7479.30","bucket":"19","time":1563777143876,"group":{"id":"ui.info.features","version":"1"},"event":{"state":true,"data":{"os":"Windows","created":1563777143878},"id":"Status.bar.visible"}}
{"recorder_version":"11","session":"37fe53caeec8","build":"191.7479.30","bucket":"19","time":1563777143876,"group":{"id":"ui.info.features","version":"1"},"event":{"state":true,"data":{"os":"Windows","created":1563777143878},"id":"Toolbar.hidden"}}
{"recorder_version":"11","session":"37fe53caeec8","build":"191.7479.30","bucket":"19","time":1563777143876,"group":{"id":"ui.info.features","version":"1"},"event":{"state":true,"data":{"os":"Windows","created":1563777143879},"id":"Recent.Files[30_50]"}}
{"recorder_version":"11","session":"37fe53caeec8","build":"191.7479.30","bucket":"19","time":1563777143876,"group":{"id":"ui.info.features","version":"1"},"event":{"state":true,"data":{"os":"Windows","created":1563777143879},"id":"Nav.Bar.visible"}}
{"recorder_version":"11","session":"37fe53caeec8","build":"191.7479.30","bucket":"19","time":1563777143876,"group":{"id":"ui.info.features","version":"1"},"event":{"state":true,"data":{"os":"Windows","created":1563777143880},"id":"Allow.merging.buttons.enabled"}}
{"recorder_version":"11","session":"37fe53caeec8","build":"191.7479.30","bucket":"19","time":1563777143876,"group":{"id":"ui.info.features","version":"1"},"event":{"state":true,"data":{"os":"Windows","created":1563777143880},"id":"Tabs.Top"}}
{"recorder_version":"11","session":"37fe53caeec8","build":"191.7479.30","bucket":"19","time":1563777143876,"group":{"id":"ui.info.features","version":"1"},"event":{"state":true,"data":{"os":"Windows","created":1563777143881},"id":"Toolbar.and.NavBar"}}
{"recorder_version":"11","session":"37fe53caeec8","build":"191.7479.30","bucket":"19","time":1563777143876,"group":{"id":"ui.info.features","version":"1"},"event":{"state":true,"data":{"os":"Windows","created":1563777143881},"id":"Line.Numbers"}}
{"recorder_version":"11","session":"37fe53caeec8","build":"191.7479.30","bucket":"19","time":1563777143876,"group":{"id":"ui.info.features","version":"1"},"event":{"state":true,"data":{"os":"Windows","created":1563777143882},"id":"Show.tips.on.startup"}}
{"recorder_version":"11","session":"37fe53caeec8","build":"191.7479.30","bucket":"19","time":1563777143876,"group":{"id":"ui.info.features","version":"1"},"event":{"state":true,"data":{"created":1563777143882},"id":"invoked"}}
{"recorder_version":"11","session":"37fe53caeec8","build":"191.7479.30","bucket":"19","time":1563777143879,"group":{"id":"plugins.disabled","version":"1"},"event":{"state":true,"data":{"created":1563777143883},"id":"invoked"}}
{"recorder_version":"11","session":"37fe53caeec8","build":"191.7479.30","bucket":"19","time":1563777143881,"group":{"id":"ui.look.and.feel","version":"1"},"event":{"state":true,"data":{"os":"Windows","created":1563777143883},"id":"IntelliJ"}}
{"recorder_version":"11","session":"37fe53caeec8","build":"191.7479.30","bucket":"19","time":1563777143881,"group":{"id":"ui.look.and.feel","version":"1"},"event":{"state":true,"data":{"created":1563777143884},"id":"invoked"}}
{"recorder_version":"11","session":"37fe53caeec8","build":"191.7479.30","bucket":"19","time":1563777143893,"group":{"id":"platform.registry.application","version":"1"},"event":{"state":true,"data":{"created":1563777143893},"id":"linux.native.menu"}}
{"recorder_version":"11","session":"37fe53caeec8","build":"191.7479.30","bucket":"19","time":1563777143893,"group":{"id":"platform.registry.application","version":"1"},"event":{"state":true,"data":{"created":1563777143894},"id":"recent.and.edited.files.together"}}
{"recorder_version":"11","session":"37fe53caeec8","build":"191.7479.30","bucket":"19","time":1563777143893,"group":{"id":"platform.registry.application","version":"1"},"event":{"state":true,"data":{"created":1563777143894},"id":"inline.browse.button"}}
{"recorder_version":"11","session":"37fe53caeec8","build":"191.7479.30","bucket":"19","time":1563777143893,"group":{"id":"platform.registry.application","version":"1"},"event":{"state":true,"data":{"created":1563777143895},"id":"invoked"}}
{"recorder_version":"11","session":"37fe53caeec8","build":"191.7479.30","bucket":"19","time":1563777143894,"group":{"id":"keymaps.name","version":"1"},"event":{"state":true,"data":{"os":"Windows","created":1563777143895},"id":"$default"}}
{"recorder_version":"11","session":"37fe53caeec8","build":"191.7479.30","bucket":"19","time":1563777143894,"group":{"id":"keymaps.name","version":"1"},"event":{"state":true,"data":{"created":1563777143896},"id":"invoked"}}
{"recorder_version":"11","session":"37fe53caeec8","build":"191.7479.30","bucket":"19","time":1563777143895,"group":{"id":"ui.fonts","version":"1"},"event":{"state":true,"data":{"os":"Windows","created":1563777143896},"id":"Presentation.mode.font.size[24]"}}
{"recorder_version":"11","session":"37fe53caeec8","build":"191.7479.30","bucket":"19","time":1563777143895,"group":{"id":"ui.fonts","version":"1"},"event":{"state":true,"data":{"os":"Windows","created":1563777143897},"id":"UI.font.name[Yu_Gothic_UI]"}}
{"recorder_version":"11","session":"37fe53caeec8","build":"191.7479.30","bucket":"19","time":1563777143895,"group":{"id":"ui.fonts","version":"1"},"event":{"state":true,"data":{"os":"Windows","created":1563777143899},"id":"IDE.editor.font.size[12]"}}
{"recorder_version":"11","session":"37fe53caeec8","build":"191.7479.30","bucket":"19","time":1563777143895,"group":{"id":"ui.fonts","version":"1"},"event":{"state":true,"data":{"os":"Windows","created":1563777143899},"id":"IDE.editor.font.name[Monospaced]"}}
{"recorder_version":"11","session":"37fe53caeec8","build":"191.7479.30","bucket":"19","time":1563777143895,"group":{"id":"ui.fonts","version":"1"},"event":{"state":true,"data":{"os":"Windows","created":1563777143900},"id":"UI.font.size[12]"}}
{"recorder_version":"11","session":"37fe53caeec8","build":"191.7479.30","bucket":"19","time":1563777143895,"group":{"id":"ui.fonts","version":"1"},"event":{"state":true,"data":{"created":1563777143900},"id":"invoked"}}
{"recorder_version":"11","session":"37fe53caeec8","build":"191.7479.30","bucket":"19","time":1563777143895,"group":{"id":"user.advanced.info","version":"1"},"event":{"state":true,"data":{"created":1563777143900},"id":"release"}}
{"recorder_version":"11","session":"37fe53caeec8","build":"191.7479.30","bucket":"19","time":1563777143895,"group":{"id":"user.advanced.info","version":"1"},"event":{"state":true,"data":{"created":1563777143901},"id":"invoked"}}
{"recorder_version":"11","session":"37fe53caeec8","build":"191.7479.30","bucket":"19","time":1563777143941,"group":{"id":"editor.settings.ide","version":"1"},"event":{"state":true,"data":{"created":1563777143941},"id":"reformatOnPaste.1"}}
{"recorder_version":"11","session":"37fe53caeec8","build":"191.7479.30","bucket":"19","time":1563777143941,"group":{"id":"editor.settings.ide","version":"1"},"event":{"state":true,"data":{"created":1563777143942},"id":"invoked"}}
{"recorder_version":"11","session":"37fe53caeec8","build":"191.7479.30","bucket":"19","time":1563777143941,"group":{"id":"ui.accessibility.screen.reader","version":"1"},"event":{"state":true,"data":{"os":"Windows","created":1563777143942},"id":"screen.reader.DISABLED"}}
{"recorder_version":"11","session":"37fe53caeec8","build":"191.7479.30","bucket":"19","time":1563777143941,"group":{"id":"ui.accessibility.screen.reader","version":"1"},"event":{"state":true,"data":{"created":1563777143942},"id":"invoked"}}
{"recorder_version":"11","session":"37fe53caeec8","build":"191.7479.30","bucket":"19","time":1563777143944,"group":{"id":"vcs.log.index.application","version":"1"},"event":{"state":true,"data":{"created":1563777143944},"id":"invoked"}}
{"recorder_version":"11","session":"37fe53caeec8","build":"191.7479.30","bucket":"19","time":1563777143946,"group":{"id":"plugins.non.bundled","version":"1"},"event":{"state":true,"data":{"created":1563777143946},"id":"invoked"}}
{"recorder_version":"11","session":"37fe53caeec8","build":"191.7479.30","bucket":"19","time":1563777143946,"group":{"id":"os.linux.wm","version":"1"},"event":{"state":true,"data":{"created":1563777143946},"id":"invoked"}}
{"recorder_version":"11","session":"37fe53caeec8","build":"191.7479.30","bucket":"19","time":1563777143970,"group":{"id":"vcs.diff","version":"1"},"event":{"state":true,"data":{"created":1563777143970},"id":"show.warnings.policy.TestsFiledAssertions.inspections"}}
{"recorder_version":"11","session":"37fe53caeec8","build":"191.7479.30","bucket":"19","time":1563777143970,"group":{"id":"vcs.diff","version":"1"},"event":{"state":true,"data":{"created":1563777143971},"id":"use.unified.diff.Default.disabled"}}
{"recorder_version":"11","session":"37fe53caeec8","build":"191.7479.30","bucket":"19","time":1563777143970,"group":{"id":"vcs.diff","version":"1"},"event":{"state":true,"data":{"created":1563777143971},"id":"collapse.unchanged.VcsLogView.enabled"}}
{"recorder_version":"11","session":"37fe53caeec8","build":"191.7479.30","bucket":"19","time":1563777143970,"group":{"id":"vcs.diff","version":"1"},"event":{"state":true,"data":{"created":1563777143972},"id":"ignore.policy.Default.default"}}
{"recorder_version":"11","session":"37fe53caeec8","build":"191.7479.30","bucket":"19","time":1563777143970,"group":{"id":"vcs.diff","version":"1"},"event":{"state":true,"data":{"created":1563777143972},"id":"use.soft.wraps.Merge.disabled"}}
{"recorder_version":"11","session":"37fe53caeec8","build":"191.7479.30","bucket":"19","time":1563777143970,"group":{"id":"vcs.diff","version":"1"},"event":{"state":true,"data":{"created":1563777143972},"id":"show.line.numbers.TestsFiledAssertions.enabled"}}
{"recorder_version":"11","session":"37fe53caeec8","build":"191.7479.30","bucket":"19","time":1563777143970,"group":{"id":"vcs.diff","version":"1"},"event":{"state":true,"data":{"created":1563777143972},"id":"show.line.numbers.ChangesView.enabled"}}
{"recorder_version":"11","session":"37fe53caeec8","build":"191.7479.30","bucket":"19","time":1563777143970,"group":{"id":"vcs.diff","version":"1"},"event":{"state":true,"data":{"created":1563777143973},"id":"ignore.policy.VcsLogView.default"}}
{"recorder_version":"11","session":"37fe53caeec8","build":"191.7479.30","bucket":"19","time":1563777143970,"group":{"id":"vcs.diff","version":"1"},"event":{"state":true,"data":{"created":1563777143973},"id":"highlight.policy.VcsLogView.by_word"}}
{"recorder_version":"11","session":"37fe53caeec8","build":"191.7479.30","bucket":"19","time":1563777143970,"group":{"id":"vcs.diff","version":"1"},"event":{"state":true,"data":{"created":1563777143973},"id":"use.soft.wraps.TestsFiledAssertions.disabled"}}
{"recorder_version":"11","session":"37fe53caeec8","build":"191.7479.30","bucket":"19","time":1563777143970,"group":{"id":"vcs.diff","version":"1"},"event":{"state":true,"data":{"created":1563777143974},"id":"show.warnings.policy.ChangesView.inspections"}}
{"recorder_version":"11","session":"37fe53caeec8","build":"191.7479.30","bucket":"19","time":1563777143970,"group":{"id":"vcs.diff","version":"1"},"event":{"state":true,"data":{"created":1563777143974},"id":"use.soft.wraps.ChangesView.disabled"}}
{"recorder_version":"11","session":"37fe53caeec8","build":"191.7479.30","bucket":"19","time":1563777143970,"group":{"id":"vcs.diff","version":"1"},"event":{"state":true,"data":{"created":1563777143974},"id":"use.soft.wraps.VcsLogView.disabled"}}
{"recorder_version":"11","session":"37fe53caeec8","build":"191.7479.30","bucket":"19","time":1563777143970,"group":{"id":"vcs.diff","version":"1"},"event":{"state":true,"data":{"created":1563777143974},"id":"collapse.unchanged.Merge.disabled"}}
{"recorder_version":"11","session":"37fe53caeec8","build":"191.7479.30","bucket":"19","time":1563777143970,"group":{"id":"vcs.diff","version":"1"},"event":{"state":true,"data":{"created":1563777143975},"id":"external.merge.disabled"}}
{"recorder_version":"11","session":"37fe53caeec8","build":"191.7479.30","bucket":"19","time":1563777143970,"group":{"id":"vcs.diff","version":"1"},"event":{"state":true,"data":{"created":1563777143975},"id":"show.line.numbers.CommitDialog.enabled"}}
{"recorder_version":"11","session":"37fe53caeec8","build":"191.7479.30","bucket":"19","time":1563777143970,"group":{"id":"vcs.diff","version":"1"},"event":{"state":true,"data":{"created":1563777143975},"id":"ignore.policy.TestsFiledAssertions.default"}}
{"recorder_version":"11","session":"37fe53caeec8","build":"191.7479.30","bucket":"19","time":1563777143970,"group":{"id":"vcs.diff","version":"1"},"event":{"state":true,"data":{"created":1563777143976},"id":"show.warnings.policy.Merge.inspections"}}
{"recorder_version":"11","session":"37fe53caeec8","build":"191.7479.30","bucket":"19","time":1563777143970,"group":{"id":"vcs.diff","version":"1"},"event":{"state":true,"data":{"created":1563777143976},"id":"show.line.numbers.Merge.enabled"}}
{"recorder_version":"11","session":"37fe53caeec8","build":"191.7479.30","bucket":"19","time":1563777143970,"group":{"id":"vcs.diff","version":"1"},"event":{"state":true,"data":{"created":1563777143976},"id":"ignore.policy.Merge.default"}}
{"recorder_version":"11","session":"37fe53caeec8","build":"191.7479.30","bucket":"19","time":1563777143970,"group":{"id":"vcs.diff","version":"1"},"event":{"state":true,"data":{"created":1563777143977},"id":"collapse.unchanged.ChangesView.enabled"}}
{"recorder_version":"11","session":"37fe53caeec8","build":"191.7479.30","bucket":"19","time":1563777143970,"group":{"id":"vcs.diff","version":"1"},"event":{"state":true,"data":{"created":1563777143977},"id":"use.soft.wraps.CommitDialog.disabled"}}
{"recorder_version":"11","session":"37fe53caeec8","build":"191.7479.30","bucket":"19","time":1563777143970,"group":{"id":"vcs.diff","version":"1"},"event":{"state":true,"data":{"created":1563777143977},"id":"use.unified.diff.TestsFiledAssertions.disabled"}}
{"recorder_version":"11","session":"37fe53caeec8","build":"191.7479.30","bucket":"19","time":1563777143970,"group":{"id":"vcs.diff","version":"1"},"event":{"state":true,"data":{"created":1563777143978},"id":"use.unified.diff.CommitDialog.disabled"}}
{"recorder_version":"11","session":"37fe53caeec8","build":"191.7479.30","bucket":"19","time":1563777143970,"group":{"id":"vcs.diff","version":"1"},"event":{"state":true,"data":{"created":1563777143978},"id":"show.warnings.policy.VcsLogView.inspections"}}
{"recorder_version":"11","session":"37fe53caeec8","build":"191.7479.30","bucket":"19","time":1563777143970,"group":{"id":"vcs.diff","version":"1"},"event":{"state":true,"data":{"created":1563777143978},"id":"external.diff.disabled"}}
{"recorder_version":"11","session":"37fe53caeec8","build":"191.7479.30","bucket":"19","time":1563777143970,"group":{"id":"vcs.diff","version":"1"},"event":{"state":true,"data":{"created":1563777143979},"id":"use.unified.diff.VcsLogView.enabled"}}
{"recorder_version":"11","session":"37fe53caeec8","build":"191.7479.30","bucket":"19","time":1563777143970,"group":{"id":"vcs.diff","version":"1"},"event":{"state":true,"data":{"created":1563777143979},"id":"highlight.policy.ChangesView.by_word"}}
{"recorder_version":"11","session":"37fe53caeec8","build":"191.7479.30","bucket":"19","time":1563777143970,"group":{"id":"vcs.diff","version":"1"},"event":{"state":true,"data":{"created":1563777143979},"id":"collapse.unchanged.Default.disabled"}}
{"recorder_version":"11","session":"37fe53caeec8","build":"191.7479.30","bucket":"19","time":1563777143970,"group":{"id":"vcs.diff","version":"1"},"event":{"state":true,"data":{"created":1563777143980},"id":"collapse.unchanged.CommitDialog.enabled"}}
{"recorder_version":"11","session":"37fe53caeec8","build":"191.7479.30","bucket":"19","time":1563777143970,"group":{"id":"vcs.diff","version":"1"},"event":{"state":true,"data":{"created":1563777143980},"id":"highlight.policy.CommitDialog.by_word"}}
{"recorder_version":"11","session":"37fe53caeec8","build":"191.7479.30","bucket":"19","time":1563777143970,"group":{"id":"vcs.diff","version":"1"},"event":{"state":true,"data":{"created":1563777143980},"id":"show.warnings.policy.CommitDialog.inspections"}}
{"recorder_version":"11","session":"37fe53caeec8","build":"191.7479.30","bucket":"19","time":1563777143970,"group":{"id":"vcs.diff","version":"1"},"event":{"state":true,"data":{"created":1563777143981},"id":"show.line.numbers.VcsLogView.enabled"}}
{"recorder_version":"11","session":"37fe53caeec8","build":"191.7479.30","bucket":"19","time":1563777143970,"group":{"id":"vcs.diff","version":"1"},"event":{"state":true,"data":{"created":1563777143981},"id":"show.warnings.policy.Default.inspections"}}
{"recorder_version":"11","session":"37fe53caeec8","build":"191.7479.30","bucket":"19","time":1563777143970,"group":{"id":"vcs.diff","version":"1"},"event":{"state":true,"data":{"created":1563777143981},"id":"highlight.policy.Merge.by_word"}}
{"recorder_version":"11","session":"37fe53caeec8","build":"191.7479.30","bucket":"19","time":1563777143970,"group":{"id":"vcs.diff","version":"1"},"event":{"state":true,"data":{"created":1563777143981},"id":"use.soft.wraps.Default.disabled"}}
{"recorder_version":"11","session":"37fe53caeec8","build":"191.7479.30","bucket":"19","time":1563777143970,"group":{"id":"vcs.diff","version":"1"},"event":{"state":true,"data":{"created":1563777143982},"id":"highlight.policy.Default.by_word"}}
{"recorder_version":"11","session":"37fe53caeec8","build":"191.7479.30","bucket":"19","time":1563777143970,"group":{"id":"vcs.diff","version":"1"},"event":{"state":true,"data":{"created":1563777143982},"id":"use.unified.diff.ChangesView.disabled"}}
{"recorder_version":"11","session":"37fe53caeec8","build":"191.7479.30","bucket":"19","time":1563777143970,"group":{"id":"vcs.diff","version":"1"},"event":{"state":true,"data":{"created":1563777143983},"id":"ignore.policy.CommitDialog.default"}}
{"recorder_version":"11","session":"37fe53caeec8","build":"191.7479.30","bucket":"19","time":1563777143970,"group":{"id":"vcs.diff","version":"1"},"event":{"state":true,"data":{"created":1563777143983},"id":"enable.read.lock.CommitDialog.enabled"}}
{"recorder_version":"11","session":"37fe53caeec8","build":"191.7479.30","bucket":"19","time":1563777143970,"group":{"id":"vcs.diff","version":"1"},"event":{"state":true,"data":{"created":1563777143984},"id":"external.diff.default.disabled"}}
{"recorder_version":"11","session":"37fe53caeec8","build":"191.7479.30","bucket":"19","time":1563777143970,"group":{"id":"vcs.diff","version":"1"},"event":{"state":true,"data":{"created":1563777143984},"id":"show.line.numbers.Default.enabled"}}
{"recorder_version":"11","session":"37fe53caeec8","build":"191.7479.30","bucket":"19","time":1563777143970,"group":{"id":"vcs.diff","version":"1"},"event":{"state":true,"data":{"created":1563777143984},"id":"collapse.unchanged.TestsFiledAssertions.disabled"}}
{"recorder_version":"11","session":"37fe53caeec8","build":"191.7479.30","bucket":"19","time":1563777143970,"group":{"id":"vcs.diff","version":"1"},"event":{"state":true,"data":{"created":1563777143985},"id":"highlight.policy.TestsFiledAssertions.by_word"}}
{"recorder_version":"11","session":"37fe53caeec8","build":"191.7479.30","bucket":"19","time":1563777143970,"group":{"id":"vcs.diff","version":"1"},"event":{"state":true,"data":{"created":1563777143985},"id":"iterate.next.file.enabled"}}
{"recorder_version":"11","session":"37fe53caeec8","build":"191.7479.30","bucket":"19","time":1563777143970,"group":{"id":"vcs.diff","version":"1"},"event":{"state":true,"data":{"created":1563777143985},"id":"ignore.policy.ChangesView.default"}}
{"recorder_version":"11","session":"37fe53caeec8","build":"191.7479.30","bucket":"19","time":1563777143970,"group":{"id":"vcs.diff","version":"1"},"event":{"state":true,"data":{"created":1563777143986},"id":"use.unified.diff.Merge.disabled"}}
{"recorder_version":"11","session":"37fe53caeec8","build":"191.7479.30","bucket":"19","time":1563777143970,"group":{"id":"vcs.diff","version":"1"},"event":{"state":true,"data":{"created":1563777143986},"id":"invoked"}}
{"recorder_version":"11","session":"37fe53caeec8","build":"191.7479.30","bucket":"19","time":1563777146062,"group":{"id":"performance","version":"11"},"event":{"count":1,"data":{"duration_ms":0,"created":1563777146062},"id":"ui.latency"}}
{"recorder_version":"11","session":"37fe53caeec8","build":"191.7479.30","bucket":"19","time":1563777246186,"group":{"id":"performance","version":"11"},"event":{"count":1,"data":{"duration_ms":0,"created":1563777246186},"id":"ui.latency"}}
{"recorder_version":"11","session":"37fe53caeec8","build":"191.7479.30","bucket":"19","time":1563777346278,"group":{"id":"performance","version":"11"},"event":{"count":1,"data":{"duration_ms":0,"created":1563777346278},"id":"ui.latency"}}
{"recorder_version":"11","session":"37fe53caeec8","build":"191.7479.30","bucket":"19","time":1563777446367,"group":{"id":"performance","version":"11"},"event":{"count":1,"data":{"duration_ms":0,"created":1563777446367},"id":"ui.latency"}}
{"recorder_version":"11","session":"37fe53caeec8","build":"191.7479.30","bucket":"19","time":1563777546463,"group":{"id":"performance","version":"11"},"event":{"count":1,"data":{"duration_ms":0,"created":1563777546463},"id":"ui.latency"}}
{"recorder_version":"11","session":"37fe53caeec8","build":"191.7479.30","bucket":"19","time":1563777646551,"group":{"id":"performance","version":"11"},"event":{"count":1,"data":{"duration_ms":0,"created":1563777646551},"id":"ui.latency"}}
{"recorder_version":"11","session":"37fe53caeec8","build":"191.7479.30","bucket":"19","time":1563777746648,"group":{"id":"performance","version":"11"},"event":{"count":1,"data":{"duration_ms":0,"created":1563777746648},"id":"ui.latency"}}
{"recorder_version":"11","session":"37fe53caeec8","build":"191.7479.30","bucket":"19","time":1563777846745,"group":{"id":"performance","version":"11"},"event":{"count":1,"data":{"duration_ms":0,"created":1563777846745},"id":"ui.latency"}}
{"recorder_version":"11","session":"37fe53caeec8","build":"191.7479.30","bucket":"19","time":1563777946848,"group":{"id":"performance","version":"11"},"event":{"count":1,"data":{"duration_ms":0,"created":1563777946848},"id":"ui.latency"}}
{"recorder_version":"11","session":"37fe53caeec8","build":"191.7479.30","bucket":"19","time":1563778045178,"group":{"id":"vcs.log.ui","version":"1"},"event":{"state":true,"data":{"created":1563778045178,"project":"2d619dc708a8fcee4d03094d84af298bceade90c5585e2f28d1ec0bd37d11e8d"},"id":"invoked"}}
{"recorder_version":"11","session":"37fe53caeec8","build":"191.7479.30","bucket":"19","time":1563778045183,"group":{"id":"run.configuration.type.temp","version":"1"},"event":{"state":true,"data":{"created":1563778045183,"project":"2d619dc708a8fcee4d03094d84af298bceade90c5585e2f28d1ec0bd37d11e8d"},"id":"invoked"}}
{"recorder_version":"11","session":"37fe53caeec8","build":"191.7479.30","bucket":"19","time":1563778045187,"group":{"id":"python.packages.versions","version":"1"},"event":{"state":true,"data":{"created":1563778045187,"project":"2d619dc708a8fcee4d03094d84af298bceade90c5585e2f28d1ec0bd37d11e8d"},"id":"invoked"}}
{"recorder_version":"11","session":"37fe53caeec8","build":"191.7479.30","bucket":"19","time":1563778045207,"group":{"id":"vcs.options","version":"1"},"event":{"state":true,"data":{"created":1563778045207,"project":"2d619dc708a8fcee4d03094d84af298bceade90c5585e2f28d1ec0bd37d11e8d"},"id":"invoked"}}
{"recorder_version":"11","session":"37fe53caeec8","build":"191.7479.30","bucket":"19","time":1563778045209,"group":{"id":"run.configuration.type","version":"1"},"event":{"state":true,"data":{"shared":false,"activate_before_run":true,"parallel":false,"created":1563778045209,"plugin_type":"PLATFORM","project":"2d619dc708a8fcee4d03094d84af298bceade90c5585e2f28d1ec0bd37d11e8d","edit_before_run":false},"id":"PythonConfigurationType"}}
{"recorder_version":"11","session":"37fe53caeec8","build":"191.7479.30","bucket":"19","time":1563778045209,"group":{"id":"run.configuration.type","version":"1"},"event":{"state":true,"data":{"created":1563778045209,"project":"2d619dc708a8fcee4d03094d84af298bceade90c5585e2f28d1ec0bd37d11e8d"},"id":"invoked"}}
{"recorder_version":"11","session":"37fe53caeec8","build":"191.7479.30","bucket":"19","time":1563778045212,"group":{"id":"python.interpreter.version","version":"1"},"event":{"state":true,"data":{"created":1563778045212,"project":"2d619dc708a8fcee4d03094d84af298bceade90c5585e2f28d1ec0bd37d11e8d"},"id":"37"}}
{"recorder_version":"11","session":"37fe53caeec8","build":"191.7479.30","bucket":"19","time":1563778045212,"group":{"id":"python.interpreter.version","version":"1"},"event":{"state":true,"data":{"created":1563778045213,"project":"2d619dc708a8fcee4d03094d84af298bceade90c5585e2f28d1ec0bd37d11e8d"},"id":"invoked"}}
{"recorder_version":"11","session":"37fe53caeec8","build":"191.7479.30","bucket":"19","time":1563778045217,"group":{"id":"vcs.metrics","version":"1"},"event":{"state":true,"data":{"created":1563778045217,"project":"2d619dc708a8fcee4d03094d84af298bceade90c5585e2f28d1ec0bd37d11e8d"},"id":"ignored.files.count.0"}}
{"recorder_version":"11","session":"37fe53caeec8","build":"191.7479.30","bucket":"19","time":1563778045217,"group":{"id":"vcs.metrics","version":"1"},"event":{"state":true,"data":{"created":1563778045218,"project":"2d619dc708a8fcee4d03094d84af298bceade90c5585e2f28d1ec0bd37d11e8d"},"id":"has.default.vcs.root.mapping.enabled"}}
{"recorder_version":"11","session":"37fe53caeec8","build":"191.7479.30","bucket":"19","time":1563778045217,"group":{"id":"vcs.metrics","version":"1"},"event":{"state":true,"data":{"created":1563778045218,"project":"2d619dc708a8fcee4d03094d84af298bceade90c5585e2f28d1ec0bd37d11e8d"},"id":"active.changelists.count.1"}}
{"recorder_version":"11","session":"37fe53caeec8","build":"191.7479.30","bucket":"19","time":1563778045217,"group":{"id":"vcs.metrics","version":"1"},"event":{"state":true,"data":{"created":1563778045219,"project":"2d619dc708a8fcee4d03094d84af298bceade90c5585e2f28d1ec0bd37d11e8d"},"id":"unversioned.files.count.0"}}
{"recorder_version":"11","session":"37fe53caeec8","build":"191.7479.30","bucket":"19","time":1563778045217,"group":{"id":"vcs.metrics","version":"1"},"event":{"state":true,"data":{"created":1563778045219,"project":"2d619dc708a8fcee4d03094d84af298bceade90c5585e2f28d1ec0bd37d11e8d"},"id":"vcs.roots.count.0"}}
{"recorder_version":"11","session":"37fe53caeec8","build":"191.7479.30","bucket":"19","time":1563778045217,"group":{"id":"vcs.metrics","version":"1"},"event":{"state":true,"data":{"created":1563778045219,"project":"2d619dc708a8fcee4d03094d84af298bceade90c5585e2f28d1ec0bd37d11e8d"},"id":"invoked"}}
{"recorder_version":"11","session":"37fe53caeec8","build":"191.7479.30","bucket":"19","time":1563778045221,"group":{"id":"enabled.bundled.tools","version":"2"},"event":{"state":true,"data":{"created":1563778045222,"project":"2d619dc708a8fcee4d03094d84af298bceade90c5585e2f28d1ec0bd37d11e8d"},"id":"invoked"}}
{"recorder_version":"11","session":"37fe53caeec8","build":"191.7479.30","bucket":"19","time":1563778045234,"group":{"id":"debugger.breakpoints","version":"1"},"event":{"state":true,"data":{"created":1563778045234,"project":"2d619dc708a8fcee4d03094d84af298bceade90c5585e2f28d1ec0bd37d11e8d"},"id":"total.0"}}
{"recorder_version":"11","session":"37fe53caeec8","build":"191.7479.30","bucket":"19","time":1563778045234,"group":{"id":"debugger.breakpoints","version":"1"},"event":{"state":true,"data":{"created":1563778045235,"project":"2d619dc708a8fcee4d03094d84af298bceade90c5585e2f28d1ec0bd37d11e8d"},"id":"invoked"}}
{"recorder_version":"11","session":"37fe53caeec8","build":"191.7479.30","bucket":"19","time":1563778045235,"group":{"id":"python.interpreter.type","version":"1"},"event":{"state":true,"data":{"created":1563778045235,"project":"2d619dc708a8fcee4d03094d84af298bceade90c5585e2f28d1ec0bd37d11e8d"},"id":"regular"}}
{"recorder_version":"11","session":"37fe53caeec8","build":"191.7479.30","bucket":"19","time":1563778045235,"group":{"id":"python.interpreter.type","version":"1"},"event":{"state":true,"data":{"created":1563778045236,"project":"2d619dc708a8fcee4d03094d84af298bceade90c5585e2f28d1ec0bd37d11e8d"},"id":"invoked"}}
{"recorder_version":"11","session":"37fe53caeec8","build":"191.7479.30","bucket":"19","time":1563778045237,"group":{"id":"vcs.names","version":"1"},"event":{"state":true,"data":{"created":1563778045237,"project":"2d619dc708a8fcee4d03094d84af298bceade90c5585e2f28d1ec0bd37d11e8d"},"id":"invoked"}}
{"recorder_version":"11","session":"37fe53caeec8","build":"191.7479.30","bucket":"19","time":1563778045242,"group":{"id":"editor.settings.project","version":"1"},"event":{"state":true,"data":{"created":1563778045243,"project":"2d619dc708a8fcee4d03094d84af298bceade90c5585e2f28d1ec0bd37d11e8d"},"id":"invoked"}}
{"recorder_version":"11","session":"37fe53caeec8","build":"191.7479.30","bucket":"19","time":1563778045284,"group":{"id":"project.structure","version":"1"},"event":{"state":true,"data":{"created":1563778045284,"project":"2d619dc708a8fcee4d03094d84af298bceade90c5585e2f28d1ec0bd37d11e8d"},"id":"source.roots.count.0"}}
{"recorder_version":"11","session":"37fe53caeec8","build":"191.7479.30","bucket":"19","time":1563778045284,"group":{"id":"project.structure","version":"1"},"event":{"state":true,"data":{"created":1563778045284,"project":"2d619dc708a8fcee4d03094d84af298bceade90c5585e2f28d1ec0bd37d11e8d"},"id":"content.roots.count.1"}}
{"recorder_version":"11","session":"37fe53caeec8","build":"191.7479.30","bucket":"19","time":1563778045284,"group":{"id":"project.structure","version":"1"},"event":{"state":true,"data":{"created":1563778045284,"project":"2d619dc708a8fcee4d03094d84af298bceade90c5585e2f28d1ec0bd37d11e8d"},"id":"excluded.roots.count.0"}}
{"recorder_version":"11","session":"37fe53caeec8","build":"191.7479.30","bucket":"19","time":1563778045284,"group":{"id":"project.structure","version":"1"},"event":{"state":true,"data":{"created":1563778045284,"project":"2d619dc708a8fcee4d03094d84af298bceade90c5585e2f28d1ec0bd37d11e8d"},"id":"modules.count.1"}}
{"recorder_version":"11","session":"37fe53caeec8","build":"191.7479.30","bucket":"19","time":1563778045284,"group":{"id":"project.structure","version":"1"},"event":{"state":true,"data":{"created":1563778045284,"project":"2d619dc708a8fcee4d03094d84af298bceade90c5585e2f28d1ec0bd37d11e8d"},"id":"invoked"}}
{"recorder_version":"11","session":"37fe53caeec8","build":"191.7479.30","bucket":"19","time":1563778045284,"group":{"id":"disabled.bundled.tools","version":"2"},"event":{"state":true,"data":{"created":1563778045285,"project":"2d619dc708a8fcee4d03094d84af298bceade90c5585e2f28d1ec0bd37d11e8d"},"id":"invoked"}}
{"recorder_version":"11","session":"37fe53caeec8","build":"191.7479.30","bucket":"19","time":1563778045379,"group":{"id":"file.types","version":"1"},"event":{"state":true,"data":{"created":1563778045379,"plugin_type":"PLATFORM","project":"2d619dc708a8fcee4d03094d84af298bceade90c5585e2f28d1ec0bd37d11e8d"},"id":"Python"}}
{"recorder_version":"11","session":"37fe53caeec8","build":"191.7479.30","bucket":"19","time":1563778045379,"group":{"id":"file.types","version":"1"},"event":{"state":true,"data":{"created":1563778045380,"project":"2d619dc708a8fcee4d03094d84af298bceade90c5585e2f28d1ec0bd37d11e8d"},"id":"invoked"}}
{"recorder_version":"11","session":"37fe53caeec8","build":"191.7479.30","bucket":"19","time":1563778045379,"group":{"id":"disabled.listed.tools","version":"2"},"event":{"state":true,"data":{"created":1563778045380,"project":"2d619dc708a8fcee4d03094d84af298bceade90c5585e2f28d1ec0bd37d11e8d"},"id":"invoked"}}
{"recorder_version":"11","session":"37fe53caeec8","build":"191.7479.30","bucket":"19","time":1563778045381,"group":{"id":"python.interpreter","version":"1"},"event":{"state":true,"data":{"created":1563778045381,"project":"2d619dc708a8fcee4d03094d84af298bceade90c5585e2f28d1ec0bd37d11e8d"},"id":"37.local.regular"}}
{"recorder_version":"11","session":"37fe53caeec8","build":"191.7479.30","bucket":"19","time":1563778045381,"group":{"id":"python.interpreter","version":"1"},"event":{"state":true,"data":{"created":1563778045381,"project":"2d619dc708a8fcee4d03094d84af298bceade90c5585e2f28d1ec0bd37d11e8d"},"id":"invoked"}}
{"recorder_version":"11","session":"37fe53caeec8","build":"191.7479.30","bucket":"19","time":1563778045381,"group":{"id":"python.packages","version":"1"},"event":{"state":true,"data":{"created":1563778045381,"project":"2d619dc708a8fcee4d03094d84af298bceade90c5585e2f28d1ec0bd37d11e8d"},"id":"invoked"}}
{"recorder_version":"11","session":"37fe53caeec8","build":"191.7479.30","bucket":"19","time":1563778045382,"group":{"id":"vcs.log.data","version":"1"},"event":{"state":true,"data":{"created":1563778045382,"project":"2d619dc708a8fcee4d03094d84af298bceade90c5585e2f28d1ec0bd37d11e8d"},"id":"invoked"}}
{"recorder_version":"11","session":"37fe53caeec8","build":"191.7479.30","bucket":"19","time":1563778045383,"group":{"id":"enabled.listed.tools","version":"2"},"event":{"state":true,"data":{"created":1563778045383,"project":"2d619dc708a8fcee4d03094d84af298bceade90c5585e2f28d1ec0bd37d11e8d"},"id":"invoked"}}
{"recorder_version":"11","session":"37fe53caeec8","build":"191.7479.30","bucket":"19","time":1563778045383,"group":{"id":"run.dashboard","version":"1"},"event":{"state":true,"data":{"created":1563778045383,"project":"2d619dc708a8fcee4d03094d84af298bceade90c5585e2f28d1ec0bd37d11e8d"},"id":"run.dashboard.disabled"}}
{"recorder_version":"11","session":"37fe53caeec8","build":"191.7479.30","bucket":"19","time":1563778045383,"group":{"id":"run.dashboard","version":"1"},"event":{"state":true,"data":{"created":1563778045383,"project":"2d619dc708a8fcee4d03094d84af298bceade90c5585e2f28d1ec0bd37d11e8d"},"id":"invoked"}}
{"recorder_version":"11","session":"37fe53caeec8","build":"191.7479.30","bucket":"19","time":1563778045384,"group":{"id":"module.facets","version":"1"},"event":{"state":true,"data":{"created":1563778045384,"project":"2d619dc708a8fcee4d03094d84af298bceade90c5585e2f28d1ec0bd37d11e8d"},"id":"invoked"}}
{"recorder_version":"11","session":"37fe53caeec8","build":"191.7479.30","bucket":"19","time":1563778045520,"group":{"id":"vcs.svn.format","version":"1"},"event":{"state":true,"data":{"created":1563778045520,"project":"2d619dc708a8fcee4d03094d84af298bceade90c5585e2f28d1ec0bd37d11e8d"},"id":"invoked"}}
{"recorder_version":"11","session":"37fe53caeec8","build":"191.7479.30","bucket":"19","time":1563778045523,"group":{"id":"vcs.git.project.root","version":"1"},"event":{"state":true,"data":{"created":1563778045523,"project":"2d619dc708a8fcee4d03094d84af298bceade90c5585e2f28d1ec0bd37d11e8d"},"id":"invoked"}}
{"recorder_version":"11","session":"37fe53caeec8","build":"191.7479.30","bucket":"19","time":1563778045538,"group":{"id":"vcs.git.settings","version":"1"},"event":{"state":true,"data":{"created":1563778045538,"project":"2d619dc708a8fcee4d03094d84af298bceade90c5585e2f28d1ec0bd37d11e8d"},"id":"config.cherry-pick.autocommit.disabled"}}
{"recorder_version":"11","session":"37fe53caeec8","build":"191.7479.30","bucket":"19","time":1563778045538,"group":{"id":"vcs.git.settings","version":"1"},"event":{"state":true,"data":{"created":1563778045538,"project":"2d619dc708a8fcee4d03094d84af298bceade90c5585e2f28d1ec0bd37d11e8d"},"id":"config.save.policy.STASH"}}
{"recorder_version":"11","session":"37fe53caeec8","build":"191.7479.30","bucket":"19","time":1563778045538,"group":{"id":"vcs.git.settings","version":"1"},"event":{"state":true,"data":{"created":1563778045539,"project":"2d619dc708a8fcee4d03094d84af298bceade90c5585e2f28d1ec0bd37d11e8d"},"id":"config.warn.about.detached.enabled"}}
{"recorder_version":"11","session":"37fe53caeec8","build":"191.7479.30","bucket":"19","time":1563778045538,"group":{"id":"vcs.git.settings","version":"1"},"event":{"state":true,"data":{"created":1563778045539,"project":"2d619dc708a8fcee4d03094d84af298bceade90c5585e2f28d1ec0bd37d11e8d"},"id":"config.update.type.BRANCH_DEFAULT"}}
{"recorder_version":"11","session":"37fe53caeec8","build":"191.7479.30","bucket":"19","time":1563778045538,"group":{"id":"vcs.git.settings","version":"1"},"event":{"state":true,"data":{"created":1563778045539,"project":"2d619dc708a8fcee4d03094d84af298bceade90c5585e2f28d1ec0bd37d11e8d"},"id":"config.repo.sync.NOT_DECIDED"}}
{"recorder_version":"11","session":"37fe53caeec8","build":"191.7479.30","bucket":"19","time":1563778045538,"group":{"id":"vcs.git.settings","version":"1"},"event":{"state":true,"data":{"created":1563778045539,"project":"2d619dc708a8fcee4d03094d84af298bceade90c5585e2f28d1ec0bd37d11e8d"},"id":"config.ssh.disabled"}}
{"recorder_version":"11","session":"37fe53caeec8","build":"191.7479.30","bucket":"19","time":1563778045538,"group":{"id":"vcs.git.settings","version":"1"},"event":{"state":true,"data":{"created":1563778045539,"project":"2d619dc708a8fcee4d03094d84af298bceade90c5585e2f28d1ec0bd37d11e8d"},"id":"config.push.update.all.roots.enabled"}}
{"recorder_version":"11","session":"37fe53caeec8","build":"191.7479.30","bucket":"19","time":1563778045538,"group":{"id":"vcs.git.settings","version":"1"},"event":{"state":true,"data":{"created":1563778045539,"project":"2d619dc708a8fcee4d03094d84af298bceade90c5585e2f28d1ec0bd37d11e8d","type":"NULL","version":"0.0.0"},"id":"version"}}
{"recorder_version":"11","session":"37fe53caeec8","build":"191.7479.30","bucket":"19","time":1563778045538,"group":{"id":"vcs.git.settings","version":"1"},"event":{"state":true,"data":{"created":1563778045539,"project":"2d619dc708a8fcee4d03094d84af298bceade90c5585e2f28d1ec0bd37d11e8d"},"id":"config.push.autoupdate.disabled"}}
{"recorder_version":"11","session":"37fe53caeec8","build":"191.7479.30","bucket":"19","time":1563778045538,"group":{"id":"vcs.git.settings","version":"1"},"event":{"state":true,"data":{"created":1563778045539,"project":"2d619dc708a8fcee4d03094d84af298bceade90c5585e2f28d1ec0bd37d11e8d"},"id":"config.warn.about.crlf.enabled"}}
{"recorder_version":"11","session":"37fe53caeec8","build":"191.7479.30","bucket":"19","time":1563778045538,"group":{"id":"vcs.git.settings","version":"1"},"event":{"state":true,"data":{"created":1563778045539,"project":"2d619dc708a8fcee4d03094d84af298bceade90c5585e2f28d1ec0bd37d11e8d"},"id":"invoked"}}
{"recorder_version":"11","session":"37fe53caeec8","build":"191.7479.30","bucket":"19","time":1563778045538,"group":{"id":"python.interpreter.remote","version":"2"},"event":{"state":true,"data":{"created":1563778045540,"project":"2d619dc708a8fcee4d03094d84af298bceade90c5585e2f28d1ec0bd37d11e8d"},"id":"local"}}
{"recorder_version":"11","session":"37fe53caeec8","build":"191.7479.30","bucket":"19","time":1563778045538,"group":{"id":"python.interpreter.remote","version":"2"},"event":{"state":true,"data":{"created":1563778045540,"project":"2d619dc708a8fcee4d03094d84af298bceade90c5585e2f28d1ec0bd37d11e8d"},"id":"invoked"}}
{"recorder_version":"11","session":"37fe53caeec8","build":"191.7479.30","bucket":"19","time":1563778045540,"group":{"id":"vcs.log.index.project","version":"1"},"event":{"state":true,"data":{"created":1563778045540,"project":"2d619dc708a8fcee4d03094d84af298bceade90c5585e2f28d1ec0bd37d11e8d"},"id":"invoked"}}
{"recorder_version":"11","session":"37fe53caeec8","build":"191.7479.30","bucket":"19","time":1563778046947,"group":{"id":"performance","version":"11"},"event":{"count":1,"data":{"duration_ms":0,"created":1563778046947},"id":"ui.latency"}}
{"recorder_version":"11","session":"37fe53caeec8","build":"191.7479.30","bucket":"19","time":1563778147048,"group":{"id":"performance","version":"11"},"event":{"count":1,"data":{"duration_ms":0,"created":1563778147048},"id":"ui.latency"}}
{"recorder_version":"11","session":"37fe53caeec8","build":"191.7479.30","bucket":"19","time":1563779345657,"group":{"id":"performance","version":"11"},"event":{"count":1,"data":{"duration_ms":0,"created":1563779345657},"id":"ui.latency"}}
{"recorder_version":"11","session":"37fe53caeec8","build":"191.7479.30","bucket":"19","time":1563779445742,"group":{"id":"performance","version":"11"},"event":{"count":1,"data":{"duration_ms":0,"created":1563779445743},"id":"ui.latency"}}
{"recorder_version":"11","session":"37fe53caeec8","build":"191.7479.30","bucket":"19","time":1563779545838,"group":{"id":"performance","version":"11"},"event":{"count":1,"data":{"duration_ms":0,"created":1563779545838},"id":"ui.latency"}}
{"recorder_version":"11","session":"37fe53caeec8","build":"191.7479.30","bucket":"19","time":1563779645938,"group":{"id":"performance","version":"11"},"event":{"count":1,"data":{"duration_ms":0,"created":1563779645938},"id":"ui.latency"}}
{"recorder_version":"11","session":"37fe53caeec8","build":"191.7479.30","bucket":"19","time":1563779746037,"group":{"id":"performance","version":"11"},"event":{"count":1,"data":{"duration_ms":0,"created":1563779746037},"id":"ui.latency"}}
{"recorder_version":"11","session":"37fe53caeec8","build":"191.7479.30","bucket":"19","time":1563779846137,"group":{"id":"performance","version":"11"},"event":{"count":1,"data":{"duration_ms":0,"created":1563779846137},"id":"ui.latency"}}
{"recorder_version":"11","session":"37fe53caeec8","build":"191.7479.30","bucket":"19","time":1563780207978,"group":{"id":"performance","version":"11"},"event":{"count":1,"data":{"duration_ms":0,"created":1563780207978},"id":"ui.latency"}}
{"recorder_version":"11","session":"37fe53caeec8","build":"191.7479.30","bucket":"19","time":1563780256270,"group":{"id":"ui.dialogs","version":"11"},"event":{"count":1,"data":{"created":1563780256270,"plugin_type":"PLATFORM","type":"show"},"id":"com.intellij.openapi.ui.messages.MessageDialog"}}
{"recorder_version":"11","session":"37fe53caeec8","build":"191.7479.30","bucket":"19","time":1563780258121,"group":{"id":"lifecycle","version":"11"},"event":{"count":1,"data":{"restart":false,"created":1563780258121},"id":"ide.close"}}
{"recorder_version":"11","session":"37fe53caeec8","build":"191.7479.30","bucket":"19","time":1563780258225,"group":{"id":"lifecycle","version":"11"},"event":{"count":1,"data":{"created":1563780258225,"project":"2d619dc708a8fcee4d03094d84af298bceade90c5585e2f28d1ec0bd37d11e8d"},"id":"project.closed"}}
